Compilación iniciada a las 19/05/2017 12:42:13.
     1>Proyecto "D:\TPV\practica6\ew\TPV5\HolaSDL\HolaSDL.vcxproj" en el nodo 2 (Build destinos).
     1>ClCompile:
         C:\Program Files (x86)\Microsoft Visual Studio 12.0\VC\bin\CL.exe /c /ZI /nologo /W3 /WX- /sdl /Od /Oy- /D _MBCS /Gm /EHsc /RTC1 /MDd /GS /fp:precise /Zc:wchar_t /Zc:forScope /Fo"Debug\\" /Fd"Debug\vc120.pdb" /Gd /TP /analyze- /errorReport:prompt BallObserver.cpp BounceOnBorders.cpp ComponentSwitcher.cpp Font.cpp GameComponent.cpp GameManager.cpp GameObject.cpp GameStateObserver.cpp ImageRendered.cpp InputComponent.cpp main.cpp Music.cpp PaddleAIPhysics.cpp PaddleKeyboardInputComp.cpp PaddleMouseInputComp.cpp PhysicsComponent.cpp PingPong.cpp PingPongPhysics.cpp RectRender.cpp RenderComponent.cpp SDLGame.cpp SDLResources.cpp SimpleMovePhysics.cpp SoundEffect.cpp StopOnBordersPhysics.cpp Texture.cpp TimedObstacle.cpp Vector2D.cpp
         Vector2D.cpp
         TimedObstacle.cpp
         Texture.cpp
         StopOnBordersPhysics.cpp
         SoundEffect.cpp
         SimpleMovePhysics.cpp
         SDLResources.cpp
         SDLGame.cpp
     1>d:\tpv\practica6\ew\tpv5\holasdl\sdlgame.cpp(61): warning C4244: 'argumento' : conversión de 'time_t' a 'unsigned int'; posible pérdida de datos
         RenderComponent.cpp
         RectRender.cpp
         PingPongPhysics.cpp
     1>d:\tpv\practica6\ew\tpv5\holasdl\pingpongphysics.cpp(76): warning C4244: 'inicializando' : conversión de 'double' a 'int'; posible pérdida de datos
     1>d:\tpv\practica6\ew\tpv5\holasdl\pingpongphysics.cpp(77): warning C4244: 'inicializando' : conversión de 'double' a 'int'; posible pérdida de datos
     1>d:\tpv\practica6\ew\tpv5\holasdl\pingpongphysics.cpp(103): warning C4244: 'inicializando' : conversión de 'double' a 'int'; posible pérdida de datos
     1>d:\tpv\practica6\ew\tpv5\holasdl\pingpongphysics.cpp(104): warning C4244: 'inicializando' : conversión de 'double' a 'int'; posible pérdida de datos
     1>d:\tpv\practica6\ew\tpv5\holasdl\pingpongphysics.cpp(136): warning C4244: 'inicializando' : conversión de 'double' a 'int'; posible pérdida de datos
     1>d:\tpv\practica6\ew\tpv5\holasdl\pingpongphysics.cpp(137): warning C4244: 'inicializando' : conversión de 'double' a 'int'; posible pérdida de datos
         PingPong.cpp
         PhysicsComponent.cpp
         PaddleMouseInputComp.cpp
         PaddleKeyboardInputComp.cpp
         PaddleAIPhysics.cpp
         Music.cpp
         main.cpp
         InputComponent.cpp
         ImageRendered.cpp
         Generando código...
         Compilando...
         GameStateObserver.cpp
         GameObject.cpp
         GameManager.cpp
         GameComponent.cpp
         Font.cpp
         ComponentSwitcher.cpp
         BounceOnBorders.cpp
         BallObserver.cpp
         Generando código...
       Link:
         C:\Program Files (x86)\Microsoft Visual Studio 12.0\VC\bin\link.exe /ERRORREPORT:PROMPT /OUT:"D:\TPV\practica6\ew\TPV5\bin\HolaSDLDebug.exe" /INCREMENTAL /NOLOGO SDL2_ttf.lib SDL2_mixer.lib SDL2.lib SDL2main.lib SDL2_image.lib kernel32.lib user32.lib gdi32.lib winspool.lib comdlg32.lib advapi32.lib shell32.lib ole32.lib oleaut32.lib uuid.lib odbc32.lib odbccp32.lib /MANIFEST /MANIFESTUAC:"level='asInvoker' uiAccess='false'" /manifest:embed /DEBUG /PDB:"D:\TPV\practica6\ew\TPV5\bin\HolaSDLDebug.pdb" /SUBSYSTEM:CONSOLE /TLBID:1 /DYNAMICBASE /NXCOMPAT /IMPLIB:"D:\TPV\practica6\ew\TPV5\bin\HolaSDLDebug.lib" /MACHINE:X86 Debug\BallObserver.obj
         Debug\BounceOnBorders.obj
         Debug\ComponentSwitcher.obj
         Debug\Font.obj
         Debug\GameComponent.obj
         Debug\GameManager.obj
         Debug\GameObject.obj
         Debug\GameStateObserver.obj
         Debug\ImageRendered.obj
         Debug\InputComponent.obj
         Debug\main.obj
         Debug\Music.obj
         Debug\PaddleAIPhysics.obj
         Debug\PaddleKeyboardInputComp.obj
         Debug\PaddleMouseInputComp.obj
         Debug\PhysicsComponent.obj
         Debug\PingPong.obj
         Debug\PingPongPhysics.obj
         Debug\RectRender.obj
         Debug\RenderComponent.obj
         Debug\SDLGame.obj
         Debug\SDLResources.obj
         Debug\SimpleMovePhysics.obj
         Debug\SoundEffect.obj
         Debug\StopOnBordersPhysics.obj
         Debug\Texture.obj
         Debug\TimedObstacle.obj
         Debug\Vector2D.obj
         HolaSDL.vcxproj -> D:\TPV\practica6\ew\TPV5\bin\HolaSDLDebug.exe
     1>Compilación del proyecto terminada "D:\TPV\practica6\ew\TPV5\HolaSDL\HolaSDL.vcxproj" (Build destinos).

Compilación correcta.

Tiempo transcurrido 00:00:09.04
